mode: set
github.com/brown-csci1380-s20/raft-jsokol2-mlitt2/raft/cluster.go:13.58,15.16 2 1
github.com/brown-csci1380-s20/raft-jsokol2-mlitt2/raft/cluster.go:19.2,22.21 3 1
github.com/brown-csci1380-s20/raft-jsokol2-mlitt2/raft/cluster.go:27.2,28.16 2 1
github.com/brown-csci1380-s20/raft-jsokol2-mlitt2/raft/cluster.go:33.2,33.42 1 1
github.com/brown-csci1380-s20/raft-jsokol2-mlitt2/raft/cluster.go:46.2,46.19 1 1
github.com/brown-csci1380-s20/raft-jsokol2-mlitt2/raft/cluster.go:15.16,17.3 1 0
github.com/brown-csci1380-s20/raft-jsokol2-mlitt2/raft/cluster.go:22.21,24.3 1 1
github.com/brown-csci1380-s20/raft-jsokol2-mlitt2/raft/cluster.go:24.8,26.3 1 0
github.com/brown-csci1380-s20/raft-jsokol2-mlitt2/raft/cluster.go:28.16,31.3 2 0
github.com/brown-csci1380-s20/raft-jsokol2-mlitt2/raft/cluster.go:33.42,35.22 2 1
github.com/brown-csci1380-s20/raft-jsokol2-mlitt2/raft/cluster.go:40.3,41.17 2 1
github.com/brown-csci1380-s20/raft-jsokol2-mlitt2/raft/cluster.go:35.22,37.4 1 1
github.com/brown-csci1380-s20/raft-jsokol2-mlitt2/raft/cluster.go:37.9,39.4 1 0
github.com/brown-csci1380-s20/raft-jsokol2-mlitt2/raft/cluster.go:41.17,43.4 1 0
github.com/brown-csci1380-s20/raft-jsokol2-mlitt2/raft/cluster.go:51.78,53.16 2 0
github.com/brown-csci1380-s20/raft-jsokol2-mlitt2/raft/cluster.go:56.2,59.21 3 0
github.com/brown-csci1380-s20/raft-jsokol2-mlitt2/raft/cluster.go:64.2,65.16 2 0
github.com/brown-csci1380-s20/raft-jsokol2-mlitt2/raft/cluster.go:70.2,70.42 1 0
github.com/brown-csci1380-s20/raft-jsokol2-mlitt2/raft/cluster.go:84.2,84.19 1 0
github.com/brown-csci1380-s20/raft-jsokol2-mlitt2/raft/cluster.go:53.16,55.3 1 0
github.com/brown-csci1380-s20/raft-jsokol2-mlitt2/raft/cluster.go:59.21,61.3 1 0
github.com/brown-csci1380-s20/raft-jsokol2-mlitt2/raft/cluster.go:61.8,63.3 1 0
github.com/brown-csci1380-s20/raft-jsokol2-mlitt2/raft/cluster.go:65.16,68.3 2 0
github.com/brown-csci1380-s20/raft-jsokol2-mlitt2/raft/cluster.go:70.42,72.22 2 0
github.com/brown-csci1380-s20/raft-jsokol2-mlitt2/raft/cluster.go:77.3,78.17 2 0
github.com/brown-csci1380-s20/raft-jsokol2-mlitt2/raft/cluster.go:72.22,74.4 1 0
github.com/brown-csci1380-s20/raft-jsokol2-mlitt2/raft/cluster.go:74.9,76.4 1 0
github.com/brown-csci1380-s20/raft-jsokol2-mlitt2/raft/cluster.go:78.17,81.4 2 0
github.com/brown-csci1380-s20/raft-jsokol2-mlitt2/raft/node_follower_state.go:6.43,19.6 4 1
github.com/brown-csci1380-s20/raft-jsokol2-mlitt2/raft/node_follower_state.go:19.6,21.10 1 1
github.com/brown-csci1380-s20/raft-jsokol2-mlitt2/raft/node_follower_state.go:22.18,23.24 1 1
github.com/brown-csci1380-s20/raft-jsokol2-mlitt2/raft/node_follower_state.go:24.46,31.20 3 1
github.com/brown-csci1380-s20/raft-jsokol2-mlitt2/raft/node_follower_state.go:34.42,40.18 4 1
github.com/brown-csci1380-s20/raft-jsokol2-mlitt2/raft/node_follower_state.go:44.48,49.5 1 1
github.com/brown-csci1380-s20/raft-jsokol2-mlitt2/raft/node_follower_state.go:50.46,55.5 1 1
github.com/brown-csci1380-s20/raft-jsokol2-mlitt2/raft/node_follower_state.go:56.37,57.16 1 1
github.com/brown-csci1380-s20/raft-jsokol2-mlitt2/raft/node_follower_state.go:31.20,33.5 1 1
github.com/brown-csci1380-s20/raft-jsokol2-mlitt2/raft/node_follower_state.go:40.18,43.5 1 1
github.com/brown-csci1380-s20/raft-jsokol2-mlitt2/raft/node_follower_state.go:57.16,59.5 1 1
github.com/brown-csci1380-s20/raft-jsokol2-mlitt2/raft/node_follower_state.go:65.84,74.32 5 1
github.com/brown-csci1380-s20/raft-jsokol2-mlitt2/raft/node_follower_state.go:78.2,78.56 1 1
github.com/brown-csci1380-s20/raft-jsokol2-mlitt2/raft/node_follower_state.go:82.2,82.88 1 1
github.com/brown-csci1380-s20/raft-jsokol2-mlitt2/raft/node_follower_state.go:86.2,86.20 1 1
github.com/brown-csci1380-s20/raft-jsokol2-mlitt2/raft/node_follower_state.go:74.32,76.3 1 0
github.com/brown-csci1380-s20/raft-jsokol2-mlitt2/raft/node_follower_state.go:78.56,80.3 1 0
github.com/brown-csci1380-s20/raft-jsokol2-mlitt2/raft/node_follower_state.go:82.88,84.3 1 1
github.com/brown-csci1380-s20/raft-jsokol2-mlitt2/raft/node_follower_state.go:86.20,95.3 3 1
github.com/brown-csci1380-s20/raft-jsokol2-mlitt2/raft/node_follower_state.go:95.8,101.3 2 1
github.com/brown-csci1380-s20/raft-jsokol2-mlitt2/raft/node_follower_state.go:104.93,105.16 1 1
github.com/brown-csci1380-s20/raft-jsokol2-mlitt2/raft/node_follower_state.go:108.2,108.32 1 1
github.com/brown-csci1380-s20/raft-jsokol2-mlitt2/raft/node_follower_state.go:111.2,111.64 1 1
github.com/brown-csci1380-s20/raft-jsokol2-mlitt2/raft/node_follower_state.go:114.2,114.14 1 1
github.com/brown-csci1380-s20/raft-jsokol2-mlitt2/raft/node_follower_state.go:105.16,107.3 1 0
github.com/brown-csci1380-s20/raft-jsokol2-mlitt2/raft/node_follower_state.go:108.32,110.3 1 1
github.com/brown-csci1380-s20/raft-jsokol2-mlitt2/raft/node_follower_state.go:111.64,113.3 1 1
github.com/brown-csci1380-s20/raft-jsokol2-mlitt2/raft/node_follower_state.go:121.88,127.32 3 1
github.com/brown-csci1380-s20/raft-jsokol2-mlitt2/raft/node_follower_state.go:135.2,137.98 2 1
github.com/brown-csci1380-s20/raft-jsokol2-mlitt2/raft/node_follower_state.go:147.2,148.28 2 1
github.com/brown-csci1380-s20/raft-jsokol2-mlitt2/raft/node_follower_state.go:153.2,153.26 1 1
github.com/brown-csci1380-s20/raft-jsokol2-mlitt2/raft/node_follower_state.go:158.2,158.28 1 1
github.com/brown-csci1380-s20/raft-jsokol2-mlitt2/raft/node_follower_state.go:167.2,167.43 1 1
github.com/brown-csci1380-s20/raft-jsokol2-mlitt2/raft/node_follower_state.go:175.2,175.40 1 1
github.com/brown-csci1380-s20/raft-jsokol2-mlitt2/raft/node_follower_state.go:180.2,184.19 2 1
github.com/brown-csci1380-s20/raft-jsokol2-mlitt2/raft/node_follower_state.go:127.32,133.3 2 1
github.com/brown-csci1380-s20/raft-jsokol2-mlitt2/raft/node_follower_state.go:137.98,143.3 2 1
github.com/brown-csci1380-s20/raft-jsokol2-mlitt2/raft/node_follower_state.go:148.28,151.3 1 1
github.com/brown-csci1380-s20/raft-jsokol2-mlitt2/raft/node_follower_state.go:153.26,155.3 1 1
github.com/brown-csci1380-s20/raft-jsokol2-mlitt2/raft/node_follower_state.go:158.28,164.3 2 1
github.com/brown-csci1380-s20/raft-jsokol2-mlitt2/raft/node_follower_state.go:167.43,170.67 3 1
github.com/brown-csci1380-s20/raft-jsokol2-mlitt2/raft/node_follower_state.go:170.67,172.4 1 0
github.com/brown-csci1380-s20/raft-jsokol2-mlitt2/raft/node_follower_state.go:175.40,177.3 1 1
github.com/brown-csci1380-s20/raft-jsokol2-mlitt2/raft/node_leader_state.go:10.41,19.31 4 1
github.com/brown-csci1380-s20/raft-jsokol2-mlitt2/raft/node_leader_state.go:27.2,39.6 6 1
github.com/brown-csci1380-s20/raft-jsokol2-mlitt2/raft/node_leader_state.go:19.31,21.13 2 1
github.com/brown-csci1380-s20/raft-jsokol2-mlitt2/raft/node_leader_state.go:24.3,25.35 2 1
github.com/brown-csci1380-s20/raft-jsokol2-mlitt2/raft/node_leader_state.go:21.13,23.4 1 0
github.com/brown-csci1380-s20/raft-jsokol2-mlitt2/raft/node_leader_state.go:39.6,40.10 1 1
github.com/brown-csci1380-s20/raft-jsokol2-mlitt2/raft/node_leader_state.go:41.41,42.22 1 1
github.com/brown-csci1380-s20/raft-jsokol2-mlitt2/raft/node_leader_state.go:46.31,48.38 2 1
github.com/brown-csci1380-s20/raft-jsokol2-mlitt2/raft/node_leader_state.go:49.46,53.83 3 1
github.com/brown-csci1380-s20/raft-jsokol2-mlitt2/raft/node_leader_state.go:56.42,64.15 4 1
github.com/brown-csci1380-s20/raft-jsokol2-mlitt2/raft/node_leader_state.go:67.48,83.20 10 1
github.com/brown-csci1380-s20/raft-jsokol2-mlitt2/raft/node_leader_state.go:96.46,103.15 4 1
github.com/brown-csci1380-s20/raft-jsokol2-mlitt2/raft/node_leader_state.go:121.37,122.16 1 1
github.com/brown-csci1380-s20/raft-jsokol2-mlitt2/raft/node_leader_state.go:42.22,45.5 2 1
github.com/brown-csci1380-s20/raft-jsokol2-mlitt2/raft/node_leader_state.go:53.83,55.5 1 1
github.com/brown-csci1380-s20/raft-jsokol2-mlitt2/raft/node_leader_state.go:64.15,66.5 1 1
github.com/brown-csci1380-s20/raft-jsokol2-mlitt2/raft/node_leader_state.go:83.20,89.5 1 1
github.com/brown-csci1380-s20/raft-jsokol2-mlitt2/raft/node_leader_state.go:89.10,95.5 1 1
github.com/brown-csci1380-s20/raft-jsokol2-mlitt2/raft/node_leader_state.go:103.15,106.23 2 0
github.com/brown-csci1380-s20/raft-jsokol2-mlitt2/raft/node_leader_state.go:106.23,108.6 1 0
github.com/brown-csci1380-s20/raft-jsokol2-mlitt2/raft/node_leader_state.go:109.10,120.5 3 1
github.com/brown-csci1380-s20/raft-jsokol2-mlitt2/raft/node_leader_state.go:122.16,124.5 1 1
github.com/brown-csci1380-s20/raft-jsokol2-mlitt2/raft/node_leader_state.go:129.58,134.2 3 1
github.com/brown-csci1380-s20/raft-jsokol2-mlitt2/raft/node_leader_state.go:136.37,138.63 2 1
github.com/brown-csci1380-s20/raft-jsokol2-mlitt2/raft/node_leader_state.go:138.63,139.47 1 1
github.com/brown-csci1380-s20/raft-jsokol2-mlitt2/raft/node_leader_state.go:139.47,143.4 3 1
github.com/brown-csci1380-s20/raft-jsokol2-mlitt2/raft/node_leader_state.go:147.65,149.31 2 1
github.com/brown-csci1380-s20/raft-jsokol2-mlitt2/raft/node_leader_state.go:154.2,154.39 1 1
github.com/brown-csci1380-s20/raft-jsokol2-mlitt2/raft/node_leader_state.go:149.31,150.13 1 1
github.com/brown-csci1380-s20/raft-jsokol2-mlitt2/raft/node_leader_state.go:150.13,152.4 1 1
github.com/brown-csci1380-s20/raft-jsokol2-mlitt2/raft/node_leader_state.go:165.83,174.21 7 1
github.com/brown-csci1380-s20/raft-jsokol2-mlitt2/raft/node_leader_state.go:199.2,199.31 1 1
github.com/brown-csci1380-s20/raft-jsokol2-mlitt2/raft/node_leader_state.go:244.2,247.58 3 1
github.com/brown-csci1380-s20/raft-jsokol2-mlitt2/raft/node_leader_state.go:174.21,175.35 1 1
github.com/brown-csci1380-s20/raft-jsokol2-mlitt2/raft/node_leader_state.go:175.35,177.25 2 1
github.com/brown-csci1380-s20/raft-jsokol2-mlitt2/raft/node_leader_state.go:177.25,178.12 1 1
github.com/brown-csci1380-s20/raft-jsokol2-mlitt2/raft/node_leader_state.go:179.20,182.12 3 1
github.com/brown-csci1380-s20/raft-jsokol2-mlitt2/raft/node_leader_state.go:183.13,184.47 1 1
github.com/brown-csci1380-s20/raft-jsokol2-mlitt2/raft/node_leader_state.go:184.47,185.50 1 1
github.com/brown-csci1380-s20/raft-jsokol2-mlitt2/raft/node_leader_state.go:185.50,189.8 3 1
github.com/brown-csci1380-s20/raft-jsokol2-mlitt2/raft/node_leader_state.go:189.13,193.8 3 0
github.com/brown-csci1380-s20/raft-jsokol2-mlitt2/raft/node_leader_state.go:199.31,200.27 1 1
github.com/brown-csci1380-s20/raft-jsokol2-mlitt2/raft/node_leader_state.go:205.3,206.75 2 1
github.com/brown-csci1380-s20/raft-jsokol2-mlitt2/raft/node_leader_state.go:200.27,203.12 3 1
github.com/brown-csci1380-s20/raft-jsokol2-mlitt2/raft/node_leader_state.go:206.75,218.20 5 1
github.com/brown-csci1380-s20/raft-jsokol2-mlitt2/raft/node_leader_state.go:224.4,226.39 3 1
github.com/brown-csci1380-s20/raft-jsokol2-mlitt2/raft/node_leader_state.go:230.4,230.26 1 1
github.com/brown-csci1380-s20/raft-jsokol2-mlitt2/raft/node_leader_state.go:241.4,241.16 1 1
github.com/brown-csci1380-s20/raft-jsokol2-mlitt2/raft/node_leader_state.go:218.20,219.19 1 1
github.com/brown-csci1380-s20/raft-jsokol2-mlitt2/raft/node_leader_state.go:222.5,222.11 1 1
github.com/brown-csci1380-s20/raft-jsokol2-mlitt2/raft/node_leader_state.go:219.19,221.6 1 0
github.com/brown-csci1380-s20/raft-jsokol2-mlitt2/raft/node_leader_state.go:226.39,229.5 2 1
github.com/brown-csci1380-s20/raft-jsokol2-mlitt2/raft/node_leader_state.go:230.26,235.5 3 1
github.com/brown-csci1380-s20/raft-jsokol2-mlitt2/raft/node_leader_state.go:235.10,237.41 1 1
github.com/brown-csci1380-s20/raft-jsokol2-mlitt2/raft/node_leader_state.go:237.41,239.6 1 1
github.com/brown-csci1380-s20/raft-jsokol2-mlitt2/raft/node_leader_state.go:254.60,262.53 5 1
github.com/brown-csci1380-s20/raft-jsokol2-mlitt2/raft/node_leader_state.go:271.2,278.25 2 1
github.com/brown-csci1380-s20/raft-jsokol2-mlitt2/raft/node_leader_state.go:283.2,285.12 3 1
github.com/brown-csci1380-s20/raft-jsokol2-mlitt2/raft/node_leader_state.go:289.2,291.14 2 1
github.com/brown-csci1380-s20/raft-jsokol2-mlitt2/raft/node_leader_state.go:262.53,264.17 2 1
github.com/brown-csci1380-s20/raft-jsokol2-mlitt2/raft/node_leader_state.go:264.17,267.4 2 0
github.com/brown-csci1380-s20/raft-jsokol2-mlitt2/raft/node_leader_state.go:278.25,280.3 1 1
github.com/brown-csci1380-s20/raft-jsokol2-mlitt2/raft/node_leader_state.go:285.12,288.3 2 1
github.com/brown-csci1380-s20/raft-jsokol2-mlitt2/raft/node_leader_state.go:294.39,296.2 1 1
github.com/brown-csci1380-s20/raft-jsokol2-mlitt2/raft/raft_rpc_client.go:17.13,19.2 1 1
github.com/brown-csci1380-s20/raft-jsokol2-mlitt2/raft/raft_rpc_client.go:29.9,34.2 3 1
github.com/brown-csci1380-s20/raft-jsokol2-mlitt2/raft/raft_rpc_client.go:42.67,44.2 1 1
github.com/brown-csci1380-s20/raft-jsokol2-mlitt2/raft/raft_rpc_client.go:47.63,49.40 2 1
github.com/brown-csci1380-s20/raft-jsokol2-mlitt2/raft/raft_rpc_client.go:53.2,56.16 3 1
github.com/brown-csci1380-s20/raft-jsokol2-mlitt2/raft/raft_rpc_client.go:59.2,63.34 4 1
github.com/brown-csci1380-s20/raft-jsokol2-mlitt2/raft/raft_rpc_client.go:49.40,52.3 2 1
github.com/brown-csci1380-s20/raft-jsokol2-mlitt2/raft/raft_rpc_client.go:56.16,58.3 1 0
github.com/brown-csci1380-s20/raft-jsokol2-mlitt2/raft/raft_rpc_client.go:67.46,70.40 3 1
github.com/brown-csci1380-s20/raft-jsokol2-mlitt2/raft/raft_rpc_client.go:70.40,73.3 2 1
github.com/brown-csci1380-s20/raft-jsokol2-mlitt2/raft/raft_rpc_client.go:77.54,78.16 1 1
github.com/brown-csci1380-s20/raft-jsokol2-mlitt2/raft/raft_rpc_client.go:82.2,82.12 1 1
github.com/brown-csci1380-s20/raft-jsokol2-mlitt2/raft/raft_rpc_client.go:78.16,81.3 2 1
github.com/brown-csci1380-s20/raft-jsokol2-mlitt2/raft/raft_rpc_client.go:86.54,88.56 1 1
github.com/brown-csci1380-s20/raft-jsokol2-mlitt2/raft/raft_rpc_client.go:92.2,93.16 2 1
github.com/brown-csci1380-s20/raft-jsokol2-mlitt2/raft/raft_rpc_client.go:97.2,98.31 2 1
github.com/brown-csci1380-s20/raft-jsokol2-mlitt2/raft/raft_rpc_client.go:104.2,104.30 1 1
github.com/brown-csci1380-s20/raft-jsokol2-mlitt2/raft/raft_rpc_client.go:88.56,90.3 1 0
github.com/brown-csci1380-s20/raft-jsokol2-mlitt2/raft/raft_rpc_client.go:93.16,95.3 1 0
github.com/brown-csci1380-s20/raft-jsokol2-mlitt2/raft/raft_rpc_client.go:98.31,100.3 1 0
github.com/brown-csci1380-s20/raft-jsokol2-mlitt2/raft/raft_rpc_client.go:109.83,110.56 1 1
github.com/brown-csci1380-s20/raft-jsokol2-mlitt2/raft/raft_rpc_client.go:114.2,115.16 2 1
github.com/brown-csci1380-s20/raft-jsokol2-mlitt2/raft/raft_rpc_client.go:119.2,122.17 3 1
github.com/brown-csci1380-s20/raft-jsokol2-mlitt2/raft/raft_rpc_client.go:126.2,126.30 1 1
github.com/brown-csci1380-s20/raft-jsokol2-mlitt2/raft/raft_rpc_client.go:110.56,112.3 1 1
github.com/brown-csci1380-s20/raft-jsokol2-mlitt2/raft/raft_rpc_client.go:115.16,117.3 1 0
github.com/brown-csci1380-s20/raft-jsokol2-mlitt2/raft/raft_rpc_client.go:122.17,124.3 1 0
github.com/brown-csci1380-s20/raft-jsokol2-mlitt2/raft/raft_rpc_client.go:132.117,133.56 1 1
github.com/brown-csci1380-s20/raft-jsokol2-mlitt2/raft/raft_rpc_client.go:137.2,138.16 2 1
github.com/brown-csci1380-s20/raft-jsokol2-mlitt2/raft/raft_rpc_client.go:142.2,143.37 2 1
github.com/brown-csci1380-s20/raft-jsokol2-mlitt2/raft/raft_rpc_client.go:133.56,135.3 1 1
github.com/brown-csci1380-s20/raft-jsokol2-mlitt2/raft/raft_rpc_client.go:138.16,140.3 1 0
github.com/brown-csci1380-s20/raft-jsokol2-mlitt2/raft/raft_rpc_client.go:149.111,150.56 1 1
github.com/brown-csci1380-s20/raft-jsokol2-mlitt2/raft/raft_rpc_client.go:154.2,155.16 2 1
github.com/brown-csci1380-s20/raft-jsokol2-mlitt2/raft/raft_rpc_client.go:159.2,160.37 2 1
github.com/brown-csci1380-s20/raft-jsokol2-mlitt2/raft/raft_rpc_client.go:150.56,152.3 1 1
github.com/brown-csci1380-s20/raft-jsokol2-mlitt2/raft/raft_rpc_client.go:155.16,157.3 1 0
github.com/brown-csci1380-s20/raft-jsokol2-mlitt2/raft/raft_rpc_client.go:165.77,167.16 2 1
github.com/brown-csci1380-s20/raft-jsokol2-mlitt2/raft/raft_rpc_client.go:171.2,174.37 3 1
github.com/brown-csci1380-s20/raft-jsokol2-mlitt2/raft/raft_rpc_client.go:167.16,169.3 1 0
github.com/brown-csci1380-s20/raft-jsokol2-mlitt2/raft/raft_rpc_client.go:179.90,181.16 2 1
github.com/brown-csci1380-s20/raft-jsokol2-mlitt2/raft/raft_rpc_client.go:185.2,186.37 2 1
github.com/brown-csci1380-s20/raft-jsokol2-mlitt2/raft/raft_rpc_client.go:181.16,183.3 1 0
github.com/brown-csci1380-s20/raft-jsokol2-mlitt2/raft/test_utils.go:17.24,22.2 4 0
github.com/brown-csci1380-s20/raft-jsokol2-mlitt2/raft/test_utils.go:26.54,33.2 5 0
github.com/brown-csci1380-s20/raft-jsokol2-mlitt2/raft/test_utils.go:36.47,38.29 2 1
github.com/brown-csci1380-s20/raft-jsokol2-mlitt2/raft/test_utils.go:44.2,44.23 1 1
github.com/brown-csci1380-s20/raft-jsokol2-mlitt2/raft/test_utils.go:38.29,39.32 1 1
github.com/brown-csci1380-s20/raft-jsokol2-mlitt2/raft/test_utils.go:39.32,41.4 1 1
github.com/brown-csci1380-s20/raft-jsokol2-mlitt2/raft/test_utils.go:44.23,46.3 1 1
github.com/brown-csci1380-s20/raft-jsokol2-mlitt2/raft/test_utils.go:46.8,46.30 1 1
github.com/brown-csci1380-s20/raft-jsokol2-mlitt2/raft/test_utils.go:46.30,48.3 1 1
github.com/brown-csci1380-s20/raft-jsokol2-mlitt2/raft/test_utils.go:48.8,50.3 1 0
github.com/brown-csci1380-s20/raft-jsokol2-mlitt2/raft/test_utils.go:54.50,55.29 1 1
github.com/brown-csci1380-s20/raft-jsokol2-mlitt2/raft/test_utils.go:62.2,62.13 1 1
github.com/brown-csci1380-s20/raft-jsokol2-mlitt2/raft/test_utils.go:55.29,56.32 1 1
github.com/brown-csci1380-s20/raft-jsokol2-mlitt2/raft/test_utils.go:56.32,57.106 1 1
github.com/brown-csci1380-s20/raft-jsokol2-mlitt2/raft/test_utils.go:57.106,59.5 1 1
github.com/brown-csci1380-s20/raft-jsokol2-mlitt2/raft/test_utils.go:67.36,68.34 1 1
github.com/brown-csci1380-s20/raft-jsokol2-mlitt2/raft/test_utils.go:76.2,76.29 1 1
github.com/brown-csci1380-s20/raft-jsokol2-mlitt2/raft/test_utils.go:68.34,71.23 3 1
github.com/brown-csci1380-s20/raft-jsokol2-mlitt2/raft/test_utils.go:71.23,74.4 2 1
github.com/brown-csci1380-s20/raft-jsokol2-mlitt2/raft/test_utils.go:80.36,81.31 1 1
github.com/brown-csci1380-s20/raft-jsokol2-mlitt2/raft/test_utils.go:81.31,88.3 6 1
github.com/brown-csci1380-s20/raft-jsokol2-mlitt2/raft/test_utils.go:91.27,92.52 1 1
github.com/brown-csci1380-s20/raft-jsokol2-mlitt2/raft/test_utils.go:92.52,94.3 1 1
github.com/brown-csci1380-s20/raft-jsokol2-mlitt2/raft/util.go:28.38,30.16 2 1
github.com/brown-csci1380-s20/raft-jsokol2-mlitt2/raft/util.go:33.2,34.16 2 1
github.com/brown-csci1380-s20/raft-jsokol2-mlitt2/raft/util.go:37.2,37.17 1 1
github.com/brown-csci1380-s20/raft-jsokol2-mlitt2/raft/util.go:30.16,31.13 1 0
github.com/brown-csci1380-s20/raft-jsokol2-mlitt2/raft/util.go:34.16,35.13 1 0
github.com/brown-csci1380-s20/raft-jsokol2-mlitt2/raft/util.go:41.47,48.2 6 1
github.com/brown-csci1380-s20/raft-jsokol2-mlitt2/raft/util.go:51.63,56.2 4 1
github.com/brown-csci1380-s20/raft-jsokol2-mlitt2/raft/util.go:60.57,62.2 1 1
github.com/brown-csci1380-s20/raft-jsokol2-mlitt2/raft/util.go:65.55,70.2 4 0
github.com/brown-csci1380-s20/raft-jsokol2-mlitt2/raft/util.go:73.59,79.2 5 1
github.com/brown-csci1380-s20/raft-jsokol2-mlitt2/raft/util.go:82.37,84.2 1 1
github.com/brown-csci1380-s20/raft-jsokol2-mlitt2/raft/util.go:87.37,91.2 3 1
github.com/brown-csci1380-s20/raft-jsokol2-mlitt2/raft/bolt_store.go:18.43,22.16 2 0
github.com/brown-csci1380-s20/raft-jsokol2-mlitt2/raft/bolt_store.go:25.2,25.36 1 0
github.com/brown-csci1380-s20/raft-jsokol2-mlitt2/raft/bolt_store.go:30.2,30.39 1 0
github.com/brown-csci1380-s20/raft-jsokol2-mlitt2/raft/bolt_store.go:22.16,23.13 1 0
github.com/brown-csci1380-s20/raft-jsokol2-mlitt2/raft/bolt_store.go:25.36,29.3 3 0
github.com/brown-csci1380-s20/raft-jsokol2-mlitt2/raft/bolt_store.go:33.57,36.14 3 0
github.com/brown-csci1380-s20/raft-jsokol2-mlitt2/raft/bolt_store.go:42.2,42.10 1 0
github.com/brown-csci1380-s20/raft-jsokol2-mlitt2/raft/bolt_store.go:36.14,38.17 2 0
github.com/brown-csci1380-s20/raft-jsokol2-mlitt2/raft/bolt_store.go:38.17,39.14 1 0
github.com/brown-csci1380-s20/raft-jsokol2-mlitt2/raft/bolt_store.go:46.59,47.49 1 0
github.com/brown-csci1380-s20/raft-jsokol2-mlitt2/raft/bolt_store.go:47.49,50.3 2 0
github.com/brown-csci1380-s20/raft-jsokol2-mlitt2/raft/bolt_store.go:54.53,56.16 2 0
github.com/brown-csci1380-s20/raft-jsokol2-mlitt2/raft/bolt_store.go:59.2,61.19 3 0
github.com/brown-csci1380-s20/raft-jsokol2-mlitt2/raft/bolt_store.go:56.16,57.13 1 0
github.com/brown-csci1380-s20/raft-jsokol2-mlitt2/raft/bolt_store.go:65.66,66.49 1 0
github.com/brown-csci1380-s20/raft-jsokol2-mlitt2/raft/bolt_store.go:66.49,69.3 2 0
github.com/brown-csci1380-s20/raft-jsokol2-mlitt2/raft/bolt_store.go:73.54,75.16 2 0
github.com/brown-csci1380-s20/raft-jsokol2-mlitt2/raft/bolt_store.go:78.2,81.18 4 0
github.com/brown-csci1380-s20/raft-jsokol2-mlitt2/raft/bolt_store.go:84.2,84.29 1 0
github.com/brown-csci1380-s20/raft-jsokol2-mlitt2/raft/bolt_store.go:75.16,76.13 1 0
github.com/brown-csci1380-s20/raft-jsokol2-mlitt2/raft/bolt_store.go:81.18,83.3 1 0
github.com/brown-csci1380-s20/raft-jsokol2-mlitt2/raft/bolt_store.go:88.55,89.49 1 0
github.com/brown-csci1380-s20/raft-jsokol2-mlitt2/raft/bolt_store.go:89.49,92.17 3 0
github.com/brown-csci1380-s20/raft-jsokol2-mlitt2/raft/bolt_store.go:95.3,95.54 1 0
github.com/brown-csci1380-s20/raft-jsokol2-mlitt2/raft/bolt_store.go:92.17,94.4 1 0
github.com/brown-csci1380-s20/raft-jsokol2-mlitt2/raft/bolt_store.go:100.56,102.16 2 0
github.com/brown-csci1380-s20/raft-jsokol2-mlitt2/raft/bolt_store.go:105.2,108.18 4 0
github.com/brown-csci1380-s20/raft-jsokol2-mlitt2/raft/bolt_store.go:111.2,113.16 3 0
github.com/brown-csci1380-s20/raft-jsokol2-mlitt2/raft/bolt_store.go:116.2,116.13 1 0
github.com/brown-csci1380-s20/raft-jsokol2-mlitt2/raft/bolt_store.go:102.16,103.13 1 0
github.com/brown-csci1380-s20/raft-jsokol2-mlitt2/raft/bolt_store.go:108.18,110.3 1 0
github.com/brown-csci1380-s20/raft-jsokol2-mlitt2/raft/bolt_store.go:113.16,114.13 1 0
github.com/brown-csci1380-s20/raft-jsokol2-mlitt2/raft/bolt_store.go:120.47,122.16 2 0
github.com/brown-csci1380-s20/raft-jsokol2-mlitt2/raft/bolt_store.go:125.2,129.16 5 0
github.com/brown-csci1380-s20/raft-jsokol2-mlitt2/raft/bolt_store.go:132.2,132.27 1 0
github.com/brown-csci1380-s20/raft-jsokol2-mlitt2/raft/bolt_store.go:122.16,123.13 1 0
github.com/brown-csci1380-s20/raft-jsokol2-mlitt2/raft/bolt_store.go:129.16,131.3 1 0
github.com/brown-csci1380-s20/raft-jsokol2-mlitt2/raft/bolt_store.go:136.57,137.49 1 0
github.com/brown-csci1380-s20/raft-jsokol2-mlitt2/raft/bolt_store.go:137.49,140.87 3 0
github.com/brown-csci1380-s20/raft-jsokol2-mlitt2/raft/bolt_store.go:146.3,146.13 1 0
github.com/brown-csci1380-s20/raft-jsokol2-mlitt2/raft/bolt_store.go:140.87,142.18 2 0
github.com/brown-csci1380-s20/raft-jsokol2-mlitt2/raft/bolt_store.go:142.18,144.5 1 0
github.com/brown-csci1380-s20/raft-jsokol2-mlitt2/raft/bolt_store.go:151.47,153.16 2 0
github.com/brown-csci1380-s20/raft-jsokol2-mlitt2/raft/bolt_store.go:156.2,160.75 5 0
github.com/brown-csci1380-s20/raft-jsokol2-mlitt2/raft/bolt_store.go:165.2,165.15 1 0
github.com/brown-csci1380-s20/raft-jsokol2-mlitt2/raft/bolt_store.go:153.16,154.13 1 0
github.com/brown-csci1380-s20/raft-jsokol2-mlitt2/raft/bolt_store.go:160.75,164.3 3 0
github.com/brown-csci1380-s20/raft-jsokol2-mlitt2/raft/bolt_store.go:169.33,171.50 2 0
github.com/brown-csci1380-s20/raft-jsokol2-mlitt2/raft/bolt_store.go:171.50,172.13 1 0
github.com/brown-csci1380-s20/raft-jsokol2-mlitt2/raft/bolt_store.go:177.34,179.16 2 0
github.com/brown-csci1380-s20/raft-jsokol2-mlitt2/raft/bolt_store.go:179.16,180.13 1 0
github.com/brown-csci1380-s20/raft-jsokol2-mlitt2/raft/bolt_store.go:185.39,187.2 1 0
github.com/brown-csci1380-s20/raft-jsokol2-mlitt2/raft/memory_store.go:20.36,26.2 1 1
github.com/brown-csci1380-s20/raft-jsokol2-mlitt2/raft/memory_store.go:29.61,36.2 5 1
github.com/brown-csci1380-s20/raft-jsokol2-mlitt2/raft/memory_store.go:39.55,45.2 4 1
github.com/brown-csci1380-s20/raft-jsokol2-mlitt2/raft/memory_store.go:48.68,55.2 5 1
github.com/brown-csci1380-s20/raft-jsokol2-mlitt2/raft/memory_store.go:58.56,63.38 4 1
github.com/brown-csci1380-s20/raft-jsokol2-mlitt2/raft/memory_store.go:67.2,67.10 1 1
github.com/brown-csci1380-s20/raft-jsokol2-mlitt2/raft/memory_store.go:63.38,65.3 1 1
github.com/brown-csci1380-s20/raft-jsokol2-mlitt2/raft/memory_store.go:71.57,78.32 5 1
github.com/brown-csci1380-s20/raft-jsokol2-mlitt2/raft/memory_store.go:82.2,82.12 1 1
github.com/brown-csci1380-s20/raft-jsokol2-mlitt2/raft/memory_store.go:78.32,80.3 1 1
github.com/brown-csci1380-s20/raft-jsokol2-mlitt2/raft/memory_store.go:86.58,91.2 3 1
github.com/brown-csci1380-s20/raft-jsokol2-mlitt2/raft/memory_store.go:94.49,99.2 3 1
github.com/brown-csci1380-s20/raft-jsokol2-mlitt2/raft/memory_store.go:102.59,106.30 3 0
github.com/brown-csci1380-s20/raft-jsokol2-mlitt2/raft/memory_store.go:112.2,112.33 1 0
github.com/brown-csci1380-s20/raft-jsokol2-mlitt2/raft/memory_store.go:116.2,116.12 1 0
github.com/brown-csci1380-s20/raft-jsokol2-mlitt2/raft/memory_store.go:106.30,107.19 1 0
github.com/brown-csci1380-s20/raft-jsokol2-mlitt2/raft/memory_store.go:107.19,109.4 1 0
github.com/brown-csci1380-s20/raft-jsokol2-mlitt2/raft/memory_store.go:112.33,114.3 1 0
github.com/brown-csci1380-s20/raft-jsokol2-mlitt2/raft/memory_store.go:120.49,123.33 2 1
github.com/brown-csci1380-s20/raft-jsokol2-mlitt2/raft/memory_store.go:127.2,127.38 1 1
github.com/brown-csci1380-s20/raft-jsokol2-mlitt2/raft/memory_store.go:131.2,131.12 1 1
github.com/brown-csci1380-s20/raft-jsokol2-mlitt2/raft/memory_store.go:123.33,125.3 1 1
github.com/brown-csci1380-s20/raft-jsokol2-mlitt2/raft/memory_store.go:127.38,129.3 1 1
github.com/brown-csci1380-s20/raft-jsokol2-mlitt2/raft/memory_store.go:135.36,137.2 0 1
github.com/brown-csci1380-s20/raft-jsokol2-mlitt2/raft/memory_store.go:140.37,142.2 0 1
github.com/brown-csci1380-s20/raft-jsokol2-mlitt2/raft/memory_store.go:145.41,147.2 1 0
github.com/brown-csci1380-s20/raft-jsokol2-mlitt2/raft/node.go:71.144,83.16 6 1
github.com/brown-csci1380-s20/raft-jsokol2-mlitt2/raft/node.go:86.2,87.16 2 1
github.com/brown-csci1380-s20/raft-jsokol2-mlitt2/raft/node.go:92.2,126.20 21 1
github.com/brown-csci1380-s20/raft-jsokol2-mlitt2/raft/node.go:136.2,136.15 1 1
github.com/brown-csci1380-s20/raft-jsokol2-mlitt2/raft/node.go:83.16,85.3 1 0
github.com/brown-csci1380-s20/raft-jsokol2-mlitt2/raft/node.go:87.16,89.3 1 0
github.com/brown-csci1380-s20/raft-jsokol2-mlitt2/raft/node.go:126.20,128.17 2 1
github.com/brown-csci1380-s20/raft-jsokol2-mlitt2/raft/node.go:128.17,130.4 1 0
github.com/brown-csci1380-s20/raft-jsokol2-mlitt2/raft/node.go:131.8,134.3 2 1
github.com/brown-csci1380-s20/raft-jsokol2-mlitt2/raft/node.go:144.22,146.18 2 1
github.com/brown-csci1380-s20/raft-jsokol2-mlitt2/raft/node.go:146.18,148.3 1 1
github.com/brown-csci1380-s20/raft-jsokol2-mlitt2/raft/node.go:154.31,160.42 4 1
github.com/brown-csci1380-s20/raft-jsokol2-mlitt2/raft/node.go:165.2,165.31 1 1
github.com/brown-csci1380-s20/raft-jsokol2-mlitt2/raft/node.go:176.2,176.12 1 1
github.com/brown-csci1380-s20/raft-jsokol2-mlitt2/raft/node.go:160.42,162.3 1 1
github.com/brown-csci1380-s20/raft-jsokol2-mlitt2/raft/node.go:165.31,166.27 1 1
github.com/brown-csci1380-s20/raft-jsokol2-mlitt2/raft/node.go:166.27,169.18 3 1
github.com/brown-csci1380-s20/raft-jsokol2-mlitt2/raft/node.go:169.18,171.5 1 1
github.com/brown-csci1380-s20/raft-jsokol2-mlitt2/raft/node.go:180.49,184.42 3 1
github.com/brown-csci1380-s20/raft-jsokol2-mlitt2/raft/node.go:196.2,197.12 2 1
github.com/brown-csci1380-s20/raft-jsokol2-mlitt2/raft/node.go:184.42,185.32 1 0
github.com/brown-csci1380-s20/raft-jsokol2-mlitt2/raft/node.go:192.3,193.71 2 0
github.com/brown-csci1380-s20/raft-jsokol2-mlitt2/raft/node.go:185.32,186.30 1 0
github.com/brown-csci1380-s20/raft-jsokol2-mlitt2/raft/node.go:186.30,189.5 2 0
github.com/brown-csci1380-s20/raft-jsokol2-mlitt2/raft/node.go:201.55,212.2 6 1
github.com/brown-csci1380-s20/raft-jsokol2-mlitt2/raft/node.go:222.76,227.2 4 1
github.com/brown-csci1380-s20/raft-jsokol2-mlitt2/raft/node.go:237.70,242.2 4 1
github.com/brown-csci1380-s20/raft-jsokol2-mlitt2/raft/node.go:253.79,258.26 3 1
github.com/brown-csci1380-s20/raft-jsokol2-mlitt2/raft/node.go:267.2,268.16 2 1
github.com/brown-csci1380-s20/raft-jsokol2-mlitt2/raft/node.go:258.26,264.3 1 0
github.com/brown-csci1380-s20/raft-jsokol2-mlitt2/raft/node.go:280.62,284.26 2 1
github.com/brown-csci1380-s20/raft-jsokol2-mlitt2/raft/node.go:292.2,295.12 3 1
github.com/brown-csci1380-s20/raft-jsokol2-mlitt2/raft/node.go:301.2,302.16 2 1
github.com/brown-csci1380-s20/raft-jsokol2-mlitt2/raft/node.go:284.26,290.3 1 0
github.com/brown-csci1380-s20/raft-jsokol2-mlitt2/raft/node.go:295.12,298.3 1 0
github.com/brown-csci1380-s20/raft-jsokol2-mlitt2/raft/node.go:306.23,309.2 2 0
github.com/brown-csci1380-s20/raft-jsokol2-mlitt2/raft/node.go:313.31,317.53 3 1
github.com/brown-csci1380-s20/raft-jsokol2-mlitt2/raft/node.go:321.2,323.25 3 1
github.com/brown-csci1380-s20/raft-jsokol2-mlitt2/raft/node.go:317.53,319.3 1 1
github.com/brown-csci1380-s20/raft-jsokol2-mlitt2/raft/node.go:327.53,331.33 3 1
github.com/brown-csci1380-s20/raft-jsokol2-mlitt2/raft/node.go:334.2,334.36 1 1
github.com/brown-csci1380-s20/raft-jsokol2-mlitt2/raft/node.go:331.33,333.3 1 1
github.com/brown-csci1380-s20/raft-jsokol2-mlitt2/raft/node.go:334.36,337.57 3 1
github.com/brown-csci1380-s20/raft-jsokol2-mlitt2/raft/node.go:337.57,339.18 2 1
github.com/brown-csci1380-s20/raft-jsokol2-mlitt2/raft/node.go:342.4,342.29 1 1
github.com/brown-csci1380-s20/raft-jsokol2-mlitt2/raft/node.go:339.18,341.5 1 0
github.com/brown-csci1380-s20/raft-jsokol2-mlitt2/raft/node.go:343.9,345.4 1 1
github.com/brown-csci1380-s20/raft-jsokol2-mlitt2/raft/node.go:350.60,354.36 3 1
github.com/brown-csci1380-s20/raft-jsokol2-mlitt2/raft/node.go:359.2,359.14 1 1
github.com/brown-csci1380-s20/raft-jsokol2-mlitt2/raft/node.go:354.36,358.3 3 1
github.com/brown-csci1380-s20/raft-jsokol2-mlitt2/raft/node.go:362.46,367.2 3 1
github.com/brown-csci1380-s20/raft-jsokol2-mlitt2/raft/node.go:369.40,374.2 3 1
github.com/brown-csci1380-s20/raft-jsokol2-mlitt2/raft/config.go:21.30,30.2 8 1
github.com/brown-csci1380-s20/raft-jsokol2-mlitt2/raft/config.go:33.40,34.50 1 1
github.com/brown-csci1380-s20/raft-jsokol2-mlitt2/raft/config.go:38.2,38.49 1 1
github.com/brown-csci1380-s20/raft-jsokol2-mlitt2/raft/config.go:42.2,42.54 1 1
github.com/brown-csci1380-s20/raft-jsokol2-mlitt2/raft/config.go:46.2,46.29 1 1
github.com/brown-csci1380-s20/raft-jsokol2-mlitt2/raft/config.go:50.2,50.28 1 1
github.com/brown-csci1380-s20/raft-jsokol2-mlitt2/raft/config.go:54.2,54.12 1 1
github.com/brown-csci1380-s20/raft-jsokol2-mlitt2/raft/config.go:34.50,36.3 1 0
github.com/brown-csci1380-s20/raft-jsokol2-mlitt2/raft/config.go:38.49,40.3 1 0
github.com/brown-csci1380-s20/raft-jsokol2-mlitt2/raft/config.go:42.54,44.3 1 0
github.com/brown-csci1380-s20/raft-jsokol2-mlitt2/raft/config.go:46.29,48.3 1 0
github.com/brown-csci1380-s20/raft-jsokol2-mlitt2/raft/config.go:50.28,52.3 1 0
github.com/brown-csci1380-s20/raft-jsokol2-mlitt2/raft/network_policy.go:18.40,22.2 3 1
github.com/brown-csci1380-s20/raft-jsokol2-mlitt2/raft/network_policy.go:27.40,29.2 1 1
github.com/brown-csci1380-s20/raft-jsokol2-mlitt2/raft/network_policy.go:33.57,34.19 1 1
github.com/brown-csci1380-s20/raft-jsokol2-mlitt2/raft/network_policy.go:37.2,39.27 3 1
github.com/brown-csci1380-s20/raft-jsokol2-mlitt2/raft/network_policy.go:34.19,36.3 1 1
github.com/brown-csci1380-s20/raft-jsokol2-mlitt2/raft/network_policy.go:43.72,46.2 2 0
github.com/brown-csci1380-s20/raft-jsokol2-mlitt2/raft/network_policy.go:49.46,51.2 1 1
github.com/brown-csci1380-s20/raft-jsokol2-mlitt2/raft/logging.go:24.13,30.2 4 1
github.com/brown-csci1380-s20/raft-jsokol2-mlitt2/raft/logging.go:33.29,34.13 1 0
github.com/brown-csci1380-s20/raft-jsokol2-mlitt2/raft/logging.go:34.13,36.3 1 0
github.com/brown-csci1380-s20/raft-jsokol2-mlitt2/raft/logging.go:36.8,38.3 1 0
github.com/brown-csci1380-s20/raft-jsokol2-mlitt2/raft/logging.go:42.62,44.2 1 1
github.com/brown-csci1380-s20/raft-jsokol2-mlitt2/raft/logging.go:47.64,49.2 1 1
github.com/brown-csci1380-s20/raft-jsokol2-mlitt2/raft/logging.go:52.64,56.2 3 1
github.com/brown-csci1380-s20/raft-jsokol2-mlitt2/raft/logging.go:58.36,59.11 1 1
github.com/brown-csci1380-s20/raft-jsokol2-mlitt2/raft/logging.go:60.21,61.20 1 1
github.com/brown-csci1380-s20/raft-jsokol2-mlitt2/raft/logging.go:62.22,63.21 1 1
github.com/brown-csci1380-s20/raft-jsokol2-mlitt2/raft/logging.go:64.19,65.18 1 1
github.com/brown-csci1380-s20/raft-jsokol2-mlitt2/raft/logging.go:66.17,67.19 1 1
github.com/brown-csci1380-s20/raft-jsokol2-mlitt2/raft/logging.go:68.10,69.19 1 0
github.com/brown-csci1380-s20/raft-jsokol2-mlitt2/raft/logging.go:73.32,75.2 1 0
github.com/brown-csci1380-s20/raft-jsokol2-mlitt2/raft/logging.go:78.37,82.31 3 0
github.com/brown-csci1380-s20/raft-jsokol2-mlitt2/raft/logging.go:96.2,102.24 6 0
github.com/brown-csci1380-s20/raft-jsokol2-mlitt2/raft/logging.go:82.31,86.30 3 0
github.com/brown-csci1380-s20/raft-jsokol2-mlitt2/raft/logging.go:90.3,90.52 1 0
github.com/brown-csci1380-s20/raft-jsokol2-mlitt2/raft/logging.go:93.3,93.27 1 0
github.com/brown-csci1380-s20/raft-jsokol2-mlitt2/raft/logging.go:86.30,88.4 1 0
github.com/brown-csci1380-s20/raft-jsokol2-mlitt2/raft/logging.go:90.52,92.4 1 0
github.com/brown-csci1380-s20/raft-jsokol2-mlitt2/raft/logging.go:106.40,110.49 3 0
github.com/brown-csci1380-s20/raft-jsokol2-mlitt2/raft/logging.go:117.2,117.24 1 0
github.com/brown-csci1380-s20/raft-jsokol2-mlitt2/raft/logging.go:110.49,112.17 2 0
github.com/brown-csci1380-s20/raft-jsokol2-mlitt2/raft/logging.go:112.17,114.4 1 0
github.com/brown-csci1380-s20/raft-jsokol2-mlitt2/raft/logging.go:121.53,126.32 4 1
github.com/brown-csci1380-s20/raft-jsokol2-mlitt2/raft/logging.go:133.2,134.24 2 1
github.com/brown-csci1380-s20/raft-jsokol2-mlitt2/raft/logging.go:126.32,128.26 2 1
github.com/brown-csci1380-s20/raft-jsokol2-mlitt2/raft/logging.go:128.26,130.4 1 1
github.com/brown-csci1380-s20/raft-jsokol2-mlitt2/raft/node_candidate_state.go:4.44,23.6 8 1
github.com/brown-csci1380-s20/raft-jsokol2-mlitt2/raft/node_candidate_state.go:23.6,25.10 1 1
github.com/brown-csci1380-s20/raft-jsokol2-mlitt2/raft/node_candidate_state.go:26.41,27.19 1 1
github.com/brown-csci1380-s20/raft-jsokol2-mlitt2/raft/node_candidate_state.go:31.37,32.22 1 1
github.com/brown-csci1380-s20/raft-jsokol2-mlitt2/raft/node_candidate_state.go:35.18,36.24 1 1
github.com/brown-csci1380-s20/raft-jsokol2-mlitt2/raft/node_candidate_state.go:37.46,42.83 3 1
github.com/brown-csci1380-s20/raft-jsokol2-mlitt2/raft/node_candidate_state.go:45.42,52.15 4 1
github.com/brown-csci1380-s20/raft-jsokol2-mlitt2/raft/node_candidate_state.go:55.48,61.5 1 0
github.com/brown-csci1380-s20/raft-jsokol2-mlitt2/raft/node_candidate_state.go:62.46,67.5 1 0
github.com/brown-csci1380-s20/raft-jsokol2-mlitt2/raft/node_candidate_state.go:68.37,69.16 1 1
github.com/brown-csci1380-s20/raft-jsokol2-mlitt2/raft/node_candidate_state.go:27.19,30.5 2 1
github.com/brown-csci1380-s20/raft-jsokol2-mlitt2/raft/node_candidate_state.go:32.22,34.5 1 0
github.com/brown-csci1380-s20/raft-jsokol2-mlitt2/raft/node_candidate_state.go:42.83,44.5 1 1
github.com/brown-csci1380-s20/raft-jsokol2-mlitt2/raft/node_candidate_state.go:52.15,54.5 1 1
github.com/brown-csci1380-s20/raft-jsokol2-mlitt2/raft/node_candidate_state.go:69.16,71.5 1 1
github.com/brown-csci1380-s20/raft-jsokol2-mlitt2/raft/node_candidate_state.go:79.93,95.31 5 1
github.com/brown-csci1380-s20/raft-jsokol2-mlitt2/raft/node_candidate_state.go:109.2,111.46 2 1
github.com/brown-csci1380-s20/raft-jsokol2-mlitt2/raft/node_candidate_state.go:142.2,142.18 1 0
github.com/brown-csci1380-s20/raft-jsokol2-mlitt2/raft/node_candidate_state.go:95.31,96.27 1 1
github.com/brown-csci1380-s20/raft-jsokol2-mlitt2/raft/node_candidate_state.go:100.3,100.61 1 1
github.com/brown-csci1380-s20/raft-jsokol2-mlitt2/raft/node_candidate_state.go:96.27,97.12 1 1
github.com/brown-csci1380-s20/raft-jsokol2-mlitt2/raft/node_candidate_state.go:100.61,102.18 2 1
github.com/brown-csci1380-s20/raft-jsokol2-mlitt2/raft/node_candidate_state.go:106.4,106.20 1 1
github.com/brown-csci1380-s20/raft-jsokol2-mlitt2/raft/node_candidate_state.go:102.19,105.5 0 1
github.com/brown-csci1380-s20/raft-jsokol2-mlitt2/raft/node_candidate_state.go:111.46,113.19 2 1
github.com/brown-csci1380-s20/raft-jsokol2-mlitt2/raft/node_candidate_state.go:121.3,121.51 1 1
github.com/brown-csci1380-s20/raft-jsokol2-mlitt2/raft/node_candidate_state.go:127.3,127.24 1 1
github.com/brown-csci1380-s20/raft-jsokol2-mlitt2/raft/node_candidate_state.go:132.3,132.45 1 1
github.com/brown-csci1380-s20/raft-jsokol2-mlitt2/raft/node_candidate_state.go:138.3,138.44 1 1
github.com/brown-csci1380-s20/raft-jsokol2-mlitt2/raft/node_candidate_state.go:113.19,115.45 2 1
github.com/brown-csci1380-s20/raft-jsokol2-mlitt2/raft/node_candidate_state.go:118.4,118.12 1 1
github.com/brown-csci1380-s20/raft-jsokol2-mlitt2/raft/node_candidate_state.go:115.45,117.5 1 1
github.com/brown-csci1380-s20/raft-jsokol2-mlitt2/raft/node_candidate_state.go:121.51,125.4 3 0
github.com/brown-csci1380-s20/raft-jsokol2-mlitt2/raft/node_candidate_state.go:127.24,129.4 1 1
github.com/brown-csci1380-s20/raft-jsokol2-mlitt2/raft/node_candidate_state.go:129.9,131.4 1 1
github.com/brown-csci1380-s20/raft-jsokol2-mlitt2/raft/node_candidate_state.go:132.45,137.4 4 1
github.com/brown-csci1380-s20/raft-jsokol2-mlitt2/raft/node_candidate_state.go:138.44,140.4 1 1
github.com/brown-csci1380-s20/raft-jsokol2-mlitt2/raft/node_stable_store.go:12.34,19.2 1 1
github.com/brown-csci1380-s20/raft-jsokol2-mlitt2/raft/node_stable_store.go:22.47,24.28 2 1
github.com/brown-csci1380-s20/raft-jsokol2-mlitt2/raft/node_stable_store.go:27.2,28.16 2 1
github.com/brown-csci1380-s20/raft-jsokol2-mlitt2/raft/node_stable_store.go:24.28,26.3 1 1
github.com/brown-csci1380-s20/raft-jsokol2-mlitt2/raft/node_stable_store.go:28.16,30.13 2 0
github.com/brown-csci1380-s20/raft-jsokol2-mlitt2/raft/node_stable_store.go:35.40,37.2 1 1
github.com/brown-csci1380-s20/raft-jsokol2-mlitt2/raft/node_stable_store.go:40.48,42.16 2 1
github.com/brown-csci1380-s20/raft-jsokol2-mlitt2/raft/node_stable_store.go:42.16,44.13 2 0
github.com/brown-csci1380-s20/raft-jsokol2-mlitt2/raft/node_stable_store.go:49.37,51.2 1 1
github.com/brown-csci1380-s20/raft-jsokol2-mlitt2/raft/node_stable_store.go:54.74,56.56 2 1
github.com/brown-csci1380-s20/raft-jsokol2-mlitt2/raft/node_stable_store.go:60.2,61.16 2 1
github.com/brown-csci1380-s20/raft-jsokol2-mlitt2/raft/node_stable_store.go:64.2,65.16 2 1
github.com/brown-csci1380-s20/raft-jsokol2-mlitt2/raft/node_stable_store.go:69.2,69.12 1 1
github.com/brown-csci1380-s20/raft-jsokol2-mlitt2/raft/node_stable_store.go:56.56,58.3 1 0
github.com/brown-csci1380-s20/raft-jsokol2-mlitt2/raft/node_stable_store.go:61.16,63.3 1 0
github.com/brown-csci1380-s20/raft-jsokol2-mlitt2/raft/node_stable_store.go:65.16,67.13 2 0
github.com/brown-csci1380-s20/raft-jsokol2-mlitt2/raft/node_stable_store.go:75.77,79.56 3 1
github.com/brown-csci1380-s20/raft-jsokol2-mlitt2/raft/node_stable_store.go:84.2,84.19 1 1
github.com/brown-csci1380-s20/raft-jsokol2-mlitt2/raft/node_stable_store.go:79.56,83.3 3 0
github.com/brown-csci1380-s20/raft-jsokol2-mlitt2/raft/node_stable_store.go:88.38,90.2 1 1
github.com/brown-csci1380-s20/raft-jsokol2-mlitt2/raft/node_stable_store.go:93.40,95.16 2 1
github.com/brown-csci1380-s20/raft-jsokol2-mlitt2/raft/node_stable_store.go:95.16,96.13 1 0
github.com/brown-csci1380-s20/raft-jsokol2-mlitt2/raft/node_stable_store.go:101.47,103.2 1 1
github.com/brown-csci1380-s20/raft-jsokol2-mlitt2/raft/node_stable_store.go:106.42,108.16 2 0
github.com/brown-csci1380-s20/raft-jsokol2-mlitt2/raft/node_stable_store.go:108.16,109.13 1 0
github.com/brown-csci1380-s20/raft-jsokol2-mlitt2/raft/node_stable_store.go:114.29,116.2 1 1
github.com/brown-csci1380-s20/raft-jsokol2-mlitt2/raft/raft_rpc.pb.go:52.38,54.2 1 1
github.com/brown-csci1380-s20/raft-jsokol2-mlitt2/raft/raft_rpc.pb.go:56.53,58.2 1 0
github.com/brown-csci1380-s20/raft-jsokol2-mlitt2/raft/raft_rpc.pb.go:87.39,89.2 1 0
github.com/brown-csci1380-s20/raft-jsokol2-mlitt2/raft/raft_rpc.pb.go:91.54,93.2 1 0
github.com/brown-csci1380-s20/raft-jsokol2-mlitt2/raft/raft_rpc.pb.go:105.30,105.43 1 1
github.com/brown-csci1380-s20/raft-jsokol2-mlitt2/raft/raft_rpc.pb.go:106.30,106.67 1 0
github.com/brown-csci1380-s20/raft-jsokol2-mlitt2/raft/raft_rpc.pb.go:107.31,107.32 0 0
github.com/brown-csci1380-s20/raft-jsokol2-mlitt2/raft/raft_rpc.pb.go:108.41,110.2 1 0
github.com/brown-csci1380-s20/raft-jsokol2-mlitt2/raft/raft_rpc.pb.go:112.44,114.2 1 1
github.com/brown-csci1380-s20/raft-jsokol2-mlitt2/raft/raft_rpc.pb.go:115.72,117.2 1 1
github.com/brown-csci1380-s20/raft-jsokol2-mlitt2/raft/raft_rpc.pb.go:118.43,120.2 1 0
github.com/brown-csci1380-s20/raft-jsokol2-mlitt2/raft/raft_rpc.pb.go:121.29,123.2 1 1
github.com/brown-csci1380-s20/raft-jsokol2-mlitt2/raft/raft_rpc.pb.go:124.35,126.2 1 0
github.com/brown-csci1380-s20/raft-jsokol2-mlitt2/raft/raft_rpc.pb.go:130.27,131.14 1 1
github.com/brown-csci1380-s20/raft-jsokol2-mlitt2/raft/raft_rpc.pb.go:134.2,134.14 1 0
github.com/brown-csci1380-s20/raft-jsokol2-mlitt2/raft/raft_rpc.pb.go:131.14,133.3 1 1
github.com/brown-csci1380-s20/raft-jsokol2-mlitt2/raft/raft_rpc.pb.go:137.33,138.14 1 0
github.com/brown-csci1380-s20/raft-jsokol2-mlitt2/raft/raft_rpc.pb.go:141.2,141.11 1 0
github.com/brown-csci1380-s20/raft-jsokol2-mlitt2/raft/raft_rpc.pb.go:138.14,140.3 1 0
github.com/brown-csci1380-s20/raft-jsokol2-mlitt2/raft/raft_rpc.pb.go:153.38,153.59 1 1
github.com/brown-csci1380-s20/raft-jsokol2-mlitt2/raft/raft_rpc.pb.go:154.38,154.75 1 1
github.com/brown-csci1380-s20/raft-jsokol2-mlitt2/raft/raft_rpc.pb.go:155.39,155.40 0 0
github.com/brown-csci1380-s20/raft-jsokol2-mlitt2/raft/raft_rpc.pb.go:156.49,158.2 1 0
github.com/brown-csci1380-s20/raft-jsokol2-mlitt2/raft/raft_rpc.pb.go:160.52,162.2 1 1
github.com/brown-csci1380-s20/raft-jsokol2-mlitt2/raft/raft_rpc.pb.go:163.80,165.2 1 1
github.com/brown-csci1380-s20/raft-jsokol2-mlitt2/raft/raft_rpc.pb.go:166.51,168.2 1 0
github.com/brown-csci1380-s20/raft-jsokol2-mlitt2/raft/raft_rpc.pb.go:169.37,171.2 1 1
github.com/brown-csci1380-s20/raft-jsokol2-mlitt2/raft/raft_rpc.pb.go:172.43,174.2 1 0
github.com/brown-csci1380-s20/raft-jsokol2-mlitt2/raft/raft_rpc.pb.go:178.39,179.14 1 1
github.com/brown-csci1380-s20/raft-jsokol2-mlitt2/raft/raft_rpc.pb.go:182.2,182.11 1 0
github.com/brown-csci1380-s20/raft-jsokol2-mlitt2/raft/raft_rpc.pb.go:179.14,181.3 1 1
github.com/brown-csci1380-s20/raft-jsokol2-mlitt2/raft/raft_rpc.pb.go:185.37,186.14 1 0
github.com/brown-csci1380-s20/raft-jsokol2-mlitt2/raft/raft_rpc.pb.go:189.2,189.11 1 0
github.com/brown-csci1380-s20/raft-jsokol2-mlitt2/raft/raft_rpc.pb.go:186.14,188.3 1 0
github.com/brown-csci1380-s20/raft-jsokol2-mlitt2/raft/raft_rpc.pb.go:202.44,202.71 1 1
github.com/brown-csci1380-s20/raft-jsokol2-mlitt2/raft/raft_rpc.pb.go:203.44,203.81 1 0
github.com/brown-csci1380-s20/raft-jsokol2-mlitt2/raft/raft_rpc.pb.go:204.45,204.46 0 0
github.com/brown-csci1380-s20/raft-jsokol2-mlitt2/raft/raft_rpc.pb.go:205.55,207.2 1 0
github.com/brown-csci1380-s20/raft-jsokol2-mlitt2/raft/raft_rpc.pb.go:209.58,211.2 1 1
github.com/brown-csci1380-s20/raft-jsokol2-mlitt2/raft/raft_rpc.pb.go:212.86,214.2 1 1
github.com/brown-csci1380-s20/raft-jsokol2-mlitt2/raft/raft_rpc.pb.go:215.57,217.2 1 0
github.com/brown-csci1380-s20/raft-jsokol2-mlitt2/raft/raft_rpc.pb.go:218.43,220.2 1 1
github.com/brown-csci1380-s20/raft-jsokol2-mlitt2/raft/raft_rpc.pb.go:221.49,223.2 1 0
github.com/brown-csci1380-s20/raft-jsokol2-mlitt2/raft/raft_rpc.pb.go:227.54,228.14 1 0
github.com/brown-csci1380-s20/raft-jsokol2-mlitt2/raft/raft_rpc.pb.go:231.2,231.12 1 0
github.com/brown-csci1380-s20/raft-jsokol2-mlitt2/raft/raft_rpc.pb.go:228.14,230.3 1 0
github.com/brown-csci1380-s20/raft-jsokol2-mlitt2/raft/raft_rpc.pb.go:234.56,235.14 1 0
github.com/brown-csci1380-s20/raft-jsokol2-mlitt2/raft/raft_rpc.pb.go:238.2,238.12 1 0
github.com/brown-csci1380-s20/raft-jsokol2-mlitt2/raft/raft_rpc.pb.go:235.14,237.3 1 0
github.com/brown-csci1380-s20/raft-jsokol2-mlitt2/raft/raft_rpc.pb.go:261.36,261.55 1 0
github.com/brown-csci1380-s20/raft-jsokol2-mlitt2/raft/raft_rpc.pb.go:262.36,262.73 1 1
github.com/brown-csci1380-s20/raft-jsokol2-mlitt2/raft/raft_rpc.pb.go:263.37,263.38 0 0
github.com/brown-csci1380-s20/raft-jsokol2-mlitt2/raft/raft_rpc.pb.go:264.47,266.2 1 0
github.com/brown-csci1380-s20/raft-jsokol2-mlitt2/raft/raft_rpc.pb.go:268.50,270.2 1 0
github.com/brown-csci1380-s20/raft-jsokol2-mlitt2/raft/raft_rpc.pb.go:271.78,273.2 1 0
github.com/brown-csci1380-s20/raft-jsokol2-mlitt2/raft/raft_rpc.pb.go:274.49,276.2 1 0
github.com/brown-csci1380-s20/raft-jsokol2-mlitt2/raft/raft_rpc.pb.go:277.35,279.2 1 0
github.com/brown-csci1380-s20/raft-jsokol2-mlitt2/raft/raft_rpc.pb.go:280.41,282.2 1 0
github.com/brown-csci1380-s20/raft-jsokol2-mlitt2/raft/raft_rpc.pb.go:286.38,287.14 1 1
github.com/brown-csci1380-s20/raft-jsokol2-mlitt2/raft/raft_rpc.pb.go:290.2,290.10 1 0
github.com/brown-csci1380-s20/raft-jsokol2-mlitt2/raft/raft_rpc.pb.go:287.14,289.3 1 1
github.com/brown-csci1380-s20/raft-jsokol2-mlitt2/raft/raft_rpc.pb.go:293.39,294.14 1 1
github.com/brown-csci1380-s20/raft-jsokol2-mlitt2/raft/raft_rpc.pb.go:297.2,297.10 1 0
github.com/brown-csci1380-s20/raft-jsokol2-mlitt2/raft/raft_rpc.pb.go:294.14,296.3 1 1
github.com/brown-csci1380-s20/raft-jsokol2-mlitt2/raft/raft_rpc.pb.go:300.42,301.14 1 0
github.com/brown-csci1380-s20/raft-jsokol2-mlitt2/raft/raft_rpc.pb.go:304.2,304.40 1 0
github.com/brown-csci1380-s20/raft-jsokol2-mlitt2/raft/raft_rpc.pb.go:301.14,303.3 1 0
github.com/brown-csci1380-s20/raft-jsokol2-mlitt2/raft/raft_rpc.pb.go:307.40,308.14 1 0
github.com/brown-csci1380-s20/raft-jsokol2-mlitt2/raft/raft_rpc.pb.go:311.2,311.10 1 0
github.com/brown-csci1380-s20/raft-jsokol2-mlitt2/raft/raft_rpc.pb.go:308.14,310.3 1 0
github.com/brown-csci1380-s20/raft-jsokol2-mlitt2/raft/raft_rpc.pb.go:314.37,315.14 1 0
github.com/brown-csci1380-s20/raft-jsokol2-mlitt2/raft/raft_rpc.pb.go:318.2,318.12 1 0
github.com/brown-csci1380-s20/raft-jsokol2-mlitt2/raft/raft_rpc.pb.go:315.14,317.3 1 0
github.com/brown-csci1380-s20/raft-jsokol2-mlitt2/raft/raft_rpc.pb.go:321.40,322.14 1 0
github.com/brown-csci1380-s20/raft-jsokol2-mlitt2/raft/raft_rpc.pb.go:325.2,325.11 1 0
github.com/brown-csci1380-s20/raft-jsokol2-mlitt2/raft/raft_rpc.pb.go:322.14,324.3 1 0
github.com/brown-csci1380-s20/raft-jsokol2-mlitt2/raft/raft_rpc.pb.go:346.48,346.79 1 1
github.com/brown-csci1380-s20/raft-jsokol2-mlitt2/raft/raft_rpc.pb.go:347.48,347.85 1 0
github.com/brown-csci1380-s20/raft-jsokol2-mlitt2/raft/raft_rpc.pb.go:348.49,348.50 0 0
github.com/brown-csci1380-s20/raft-jsokol2-mlitt2/raft/raft_rpc.pb.go:349.59,351.2 1 0
github.com/brown-csci1380-s20/raft-jsokol2-mlitt2/raft/raft_rpc.pb.go:353.62,355.2 1 1
github.com/brown-csci1380-s20/raft-jsokol2-mlitt2/raft/raft_rpc.pb.go:356.90,358.2 1 1
github.com/brown-csci1380-s20/raft-jsokol2-mlitt2/raft/raft_rpc.pb.go:359.61,361.2 1 0
github.com/brown-csci1380-s20/raft-jsokol2-mlitt2/raft/raft_rpc.pb.go:362.47,364.2 1 1
github.com/brown-csci1380-s20/raft-jsokol2-mlitt2/raft/raft_rpc.pb.go:365.53,367.2 1 0
github.com/brown-csci1380-s20/raft-jsokol2-mlitt2/raft/raft_rpc.pb.go:371.49,372.14 1 0
github.com/brown-csci1380-s20/raft-jsokol2-mlitt2/raft/raft_rpc.pb.go:375.2,375.10 1 0
github.com/brown-csci1380-s20/raft-jsokol2-mlitt2/raft/raft_rpc.pb.go:372.14,374.3 1 0
github.com/brown-csci1380-s20/raft-jsokol2-mlitt2/raft/raft_rpc.pb.go:378.56,379.14 1 0
github.com/brown-csci1380-s20/raft-jsokol2-mlitt2/raft/raft_rpc.pb.go:382.2,382.12 1 0
github.com/brown-csci1380-s20/raft-jsokol2-mlitt2/raft/raft_rpc.pb.go:379.14,381.3 1 0
github.com/brown-csci1380-s20/raft-jsokol2-mlitt2/raft/raft_rpc.pb.go:385.57,386.14 1 0
github.com/brown-csci1380-s20/raft-jsokol2-mlitt2/raft/raft_rpc.pb.go:389.2,389.10 1 0
github.com/brown-csci1380-s20/raft-jsokol2-mlitt2/raft/raft_rpc.pb.go:386.14,388.3 1 0
github.com/brown-csci1380-s20/raft-jsokol2-mlitt2/raft/raft_rpc.pb.go:392.56,393.14 1 0
github.com/brown-csci1380-s20/raft-jsokol2-mlitt2/raft/raft_rpc.pb.go:396.2,396.10 1 0
github.com/brown-csci1380-s20/raft-jsokol2-mlitt2/raft/raft_rpc.pb.go:393.14,395.3 1 0
github.com/brown-csci1380-s20/raft-jsokol2-mlitt2/raft/raft_rpc.pb.go:399.57,400.14 1 0
github.com/brown-csci1380-s20/raft-jsokol2-mlitt2/raft/raft_rpc.pb.go:403.2,403.12 1 0
github.com/brown-csci1380-s20/raft-jsokol2-mlitt2/raft/raft_rpc.pb.go:400.14,402.3 1 0
github.com/brown-csci1380-s20/raft-jsokol2-mlitt2/raft/raft_rpc.pb.go:406.57,407.14 1 0
github.com/brown-csci1380-s20/raft-jsokol2-mlitt2/raft/raft_rpc.pb.go:410.2,410.10 1 0
github.com/brown-csci1380-s20/raft-jsokol2-mlitt2/raft/raft_rpc.pb.go:407.14,409.3 1 0
github.com/brown-csci1380-s20/raft-jsokol2-mlitt2/raft/raft_rpc.pb.go:423.46,423.75 1 1
github.com/brown-csci1380-s20/raft-jsokol2-mlitt2/raft/raft_rpc.pb.go:424.46,424.83 1 0
github.com/brown-csci1380-s20/raft-jsokol2-mlitt2/raft/raft_rpc.pb.go:425.47,425.48 0 0
github.com/brown-csci1380-s20/raft-jsokol2-mlitt2/raft/raft_rpc.pb.go:426.57,428.2 1 0
github.com/brown-csci1380-s20/raft-jsokol2-mlitt2/raft/raft_rpc.pb.go:430.60,432.2 1 1
github.com/brown-csci1380-s20/raft-jsokol2-mlitt2/raft/raft_rpc.pb.go:433.88,435.2 1 1
github.com/brown-csci1380-s20/raft-jsokol2-mlitt2/raft/raft_rpc.pb.go:436.59,438.2 1 0
github.com/brown-csci1380-s20/raft-jsokol2-mlitt2/raft/raft_rpc.pb.go:439.45,441.2 1 1
github.com/brown-csci1380-s20/raft-jsokol2-mlitt2/raft/raft_rpc.pb.go:442.51,444.2 1 0
github.com/brown-csci1380-s20/raft-jsokol2-mlitt2/raft/raft_rpc.pb.go:448.47,449.14 1 0
github.com/brown-csci1380-s20/raft-jsokol2-mlitt2/raft/raft_rpc.pb.go:452.2,452.10 1 0
github.com/brown-csci1380-s20/raft-jsokol2-mlitt2/raft/raft_rpc.pb.go:449.14,451.3 1 0
github.com/brown-csci1380-s20/raft-jsokol2-mlitt2/raft/raft_rpc.pb.go:455.48,456.14 1 1
github.com/brown-csci1380-s20/raft-jsokol2-mlitt2/raft/raft_rpc.pb.go:459.2,459.14 1 0
github.com/brown-csci1380-s20/raft-jsokol2-mlitt2/raft/raft_rpc.pb.go:456.14,458.3 1 1
github.com/brown-csci1380-s20/raft-jsokol2-mlitt2/raft/raft_rpc.pb.go:476.46,476.75 1 1
github.com/brown-csci1380-s20/raft-jsokol2-mlitt2/raft/raft_rpc.pb.go:477.46,477.83 1 0
github.com/brown-csci1380-s20/raft-jsokol2-mlitt2/raft/raft_rpc.pb.go:478.47,478.48 0 0
github.com/brown-csci1380-s20/raft-jsokol2-mlitt2/raft/raft_rpc.pb.go:479.57,481.2 1 0
github.com/brown-csci1380-s20/raft-jsokol2-mlitt2/raft/raft_rpc.pb.go:483.60,485.2 1 1
github.com/brown-csci1380-s20/raft-jsokol2-mlitt2/raft/raft_rpc.pb.go:486.88,488.2 1 1
github.com/brown-csci1380-s20/raft-jsokol2-mlitt2/raft/raft_rpc.pb.go:489.59,491.2 1 0
github.com/brown-csci1380-s20/raft-jsokol2-mlitt2/raft/raft_rpc.pb.go:492.45,494.2 1 1
github.com/brown-csci1380-s20/raft-jsokol2-mlitt2/raft/raft_rpc.pb.go:495.51,497.2 1 0
github.com/brown-csci1380-s20/raft-jsokol2-mlitt2/raft/raft_rpc.pb.go:501.47,502.14 1 0
github.com/brown-csci1380-s20/raft-jsokol2-mlitt2/raft/raft_rpc.pb.go:505.2,505.10 1 0
github.com/brown-csci1380-s20/raft-jsokol2-mlitt2/raft/raft_rpc.pb.go:502.14,504.3 1 0
github.com/brown-csci1380-s20/raft-jsokol2-mlitt2/raft/raft_rpc.pb.go:508.57,509.14 1 0
github.com/brown-csci1380-s20/raft-jsokol2-mlitt2/raft/raft_rpc.pb.go:512.2,512.12 1 0
github.com/brown-csci1380-s20/raft-jsokol2-mlitt2/raft/raft_rpc.pb.go:509.14,511.3 1 0
github.com/brown-csci1380-s20/raft-jsokol2-mlitt2/raft/raft_rpc.pb.go:515.55,516.14 1 0
github.com/brown-csci1380-s20/raft-jsokol2-mlitt2/raft/raft_rpc.pb.go:519.2,519.10 1 0
github.com/brown-csci1380-s20/raft-jsokol2-mlitt2/raft/raft_rpc.pb.go:516.14,518.3 1 0
github.com/brown-csci1380-s20/raft-jsokol2-mlitt2/raft/raft_rpc.pb.go:522.54,523.14 1 0
github.com/brown-csci1380-s20/raft-jsokol2-mlitt2/raft/raft_rpc.pb.go:526.2,526.10 1 0
github.com/brown-csci1380-s20/raft-jsokol2-mlitt2/raft/raft_rpc.pb.go:523.14,525.3 1 0
github.com/brown-csci1380-s20/raft-jsokol2-mlitt2/raft/raft_rpc.pb.go:539.44,539.71 1 1
github.com/brown-csci1380-s20/raft-jsokol2-mlitt2/raft/raft_rpc.pb.go:540.44,540.81 1 0
github.com/brown-csci1380-s20/raft-jsokol2-mlitt2/raft/raft_rpc.pb.go:541.45,541.46 0 0
github.com/brown-csci1380-s20/raft-jsokol2-mlitt2/raft/raft_rpc.pb.go:542.55,544.2 1 0
github.com/brown-csci1380-s20/raft-jsokol2-mlitt2/raft/raft_rpc.pb.go:546.58,548.2 1 1
github.com/brown-csci1380-s20/raft-jsokol2-mlitt2/raft/raft_rpc.pb.go:549.86,551.2 1 1
github.com/brown-csci1380-s20/raft-jsokol2-mlitt2/raft/raft_rpc.pb.go:552.57,554.2 1 0
github.com/brown-csci1380-s20/raft-jsokol2-mlitt2/raft/raft_rpc.pb.go:555.43,557.2 1 1
github.com/brown-csci1380-s20/raft-jsokol2-mlitt2/raft/raft_rpc.pb.go:558.49,560.2 1 0
github.com/brown-csci1380-s20/raft-jsokol2-mlitt2/raft/raft_rpc.pb.go:564.45,565.14 1 0
github.com/brown-csci1380-s20/raft-jsokol2-mlitt2/raft/raft_rpc.pb.go:568.2,568.10 1 0
github.com/brown-csci1380-s20/raft-jsokol2-mlitt2/raft/raft_rpc.pb.go:565.14,567.3 1 0
github.com/brown-csci1380-s20/raft-jsokol2-mlitt2/raft/raft_rpc.pb.go:571.50,572.14 1 0
github.com/brown-csci1380-s20/raft-jsokol2-mlitt2/raft/raft_rpc.pb.go:575.2,575.14 1 0
github.com/brown-csci1380-s20/raft-jsokol2-mlitt2/raft/raft_rpc.pb.go:572.14,574.3 1 0
github.com/brown-csci1380-s20/raft-jsokol2-mlitt2/raft/raft_rpc.pb.go:586.49,586.81 1 1
github.com/brown-csci1380-s20/raft-jsokol2-mlitt2/raft/raft_rpc.pb.go:587.49,587.86 1 0
github.com/brown-csci1380-s20/raft-jsokol2-mlitt2/raft/raft_rpc.pb.go:588.50,588.51 0 0
github.com/brown-csci1380-s20/raft-jsokol2-mlitt2/raft/raft_rpc.pb.go:589.60,591.2 1 0
github.com/brown-csci1380-s20/raft-jsokol2-mlitt2/raft/raft_rpc.pb.go:593.63,595.2 1 1
github.com/brown-csci1380-s20/raft-jsokol2-mlitt2/raft/raft_rpc.pb.go:596.91,598.2 1 1
github.com/brown-csci1380-s20/raft-jsokol2-mlitt2/raft/raft_rpc.pb.go:599.62,601.2 1 0
github.com/brown-csci1380-s20/raft-jsokol2-mlitt2/raft/raft_rpc.pb.go:602.48,604.2 1 1
github.com/brown-csci1380-s20/raft-jsokol2-mlitt2/raft/raft_rpc.pb.go:605.54,607.2 1 0
github.com/brown-csci1380-s20/raft-jsokol2-mlitt2/raft/raft_rpc.pb.go:624.47,624.77 1 1
github.com/brown-csci1380-s20/raft-jsokol2-mlitt2/raft/raft_rpc.pb.go:625.47,625.84 1 0
github.com/brown-csci1380-s20/raft-jsokol2-mlitt2/raft/raft_rpc.pb.go:626.48,626.49 0 0
github.com/brown-csci1380-s20/raft-jsokol2-mlitt2/raft/raft_rpc.pb.go:627.58,629.2 1 0
github.com/brown-csci1380-s20/raft-jsokol2-mlitt2/raft/raft_rpc.pb.go:631.61,633.2 1 1
github.com/brown-csci1380-s20/raft-jsokol2-mlitt2/raft/raft_rpc.pb.go:634.89,636.2 1 1
github.com/brown-csci1380-s20/raft-jsokol2-mlitt2/raft/raft_rpc.pb.go:637.60,639.2 1 0
github.com/brown-csci1380-s20/raft-jsokol2-mlitt2/raft/raft_rpc.pb.go:640.46,642.2 1 1
github.com/brown-csci1380-s20/raft-jsokol2-mlitt2/raft/raft_rpc.pb.go:643.52,645.2 1 0
github.com/brown-csci1380-s20/raft-jsokol2-mlitt2/raft/raft_rpc.pb.go:649.56,650.14 1 0
github.com/brown-csci1380-s20/raft-jsokol2-mlitt2/raft/raft_rpc.pb.go:653.2,653.24 1 0
github.com/brown-csci1380-s20/raft-jsokol2-mlitt2/raft/raft_rpc.pb.go:650.14,652.3 1 0
github.com/brown-csci1380-s20/raft-jsokol2-mlitt2/raft/raft_rpc.pb.go:656.52,657.14 1 0
github.com/brown-csci1380-s20/raft-jsokol2-mlitt2/raft/raft_rpc.pb.go:660.2,660.10 1 0
github.com/brown-csci1380-s20/raft-jsokol2-mlitt2/raft/raft_rpc.pb.go:657.14,659.3 1 0
github.com/brown-csci1380-s20/raft-jsokol2-mlitt2/raft/raft_rpc.pb.go:663.59,664.14 1 0
github.com/brown-csci1380-s20/raft-jsokol2-mlitt2/raft/raft_rpc.pb.go:667.2,667.12 1 0
github.com/brown-csci1380-s20/raft-jsokol2-mlitt2/raft/raft_rpc.pb.go:664.14,666.3 1 0
github.com/brown-csci1380-s20/raft-jsokol2-mlitt2/raft/raft_rpc.pb.go:685.41,685.65 1 1
github.com/brown-csci1380-s20/raft-jsokol2-mlitt2/raft/raft_rpc.pb.go:686.41,686.78 1 0
github.com/brown-csci1380-s20/raft-jsokol2-mlitt2/raft/raft_rpc.pb.go:687.42,687.43 0 0
github.com/brown-csci1380-s20/raft-jsokol2-mlitt2/raft/raft_rpc.pb.go:688.52,690.2 1 0
github.com/brown-csci1380-s20/raft-jsokol2-mlitt2/raft/raft_rpc.pb.go:692.55,694.2 1 1
github.com/brown-csci1380-s20/raft-jsokol2-mlitt2/raft/raft_rpc.pb.go:695.83,697.2 1 1
github.com/brown-csci1380-s20/raft-jsokol2-mlitt2/raft/raft_rpc.pb.go:698.54,700.2 1 0
github.com/brown-csci1380-s20/raft-jsokol2-mlitt2/raft/raft_rpc.pb.go:701.40,703.2 1 1
github.com/brown-csci1380-s20/raft-jsokol2-mlitt2/raft/raft_rpc.pb.go:704.46,706.2 1 0
github.com/brown-csci1380-s20/raft-jsokol2-mlitt2/raft/raft_rpc.pb.go:710.46,711.14 1 0
github.com/brown-csci1380-s20/raft-jsokol2-mlitt2/raft/raft_rpc.pb.go:714.2,714.10 1 0
github.com/brown-csci1380-s20/raft-jsokol2-mlitt2/raft/raft_rpc.pb.go:711.14,713.3 1 0
github.com/brown-csci1380-s20/raft-jsokol2-mlitt2/raft/raft_rpc.pb.go:717.49,718.14 1 0
github.com/brown-csci1380-s20/raft-jsokol2-mlitt2/raft/raft_rpc.pb.go:721.2,721.10 1 0
github.com/brown-csci1380-s20/raft-jsokol2-mlitt2/raft/raft_rpc.pb.go:718.14,720.3 1 0
github.com/brown-csci1380-s20/raft-jsokol2-mlitt2/raft/raft_rpc.pb.go:724.53,725.14 1 0
github.com/brown-csci1380-s20/raft-jsokol2-mlitt2/raft/raft_rpc.pb.go:728.2,728.10 1 0
github.com/brown-csci1380-s20/raft-jsokol2-mlitt2/raft/raft_rpc.pb.go:725.14,727.3 1 0
github.com/brown-csci1380-s20/raft-jsokol2-mlitt2/raft/raft_rpc.pb.go:731.42,732.14 1 0
github.com/brown-csci1380-s20/raft-jsokol2-mlitt2/raft/raft_rpc.pb.go:735.2,735.12 1 0
github.com/brown-csci1380-s20/raft-jsokol2-mlitt2/raft/raft_rpc.pb.go:732.14,734.3 1 0
github.com/brown-csci1380-s20/raft-jsokol2-mlitt2/raft/raft_rpc.pb.go:751.39,751.61 1 1
github.com/brown-csci1380-s20/raft-jsokol2-mlitt2/raft/raft_rpc.pb.go:752.39,752.76 1 0
github.com/brown-csci1380-s20/raft-jsokol2-mlitt2/raft/raft_rpc.pb.go:753.40,753.41 0 0
github.com/brown-csci1380-s20/raft-jsokol2-mlitt2/raft/raft_rpc.pb.go:754.50,756.2 1 0
github.com/brown-csci1380-s20/raft-jsokol2-mlitt2/raft/raft_rpc.pb.go:758.53,760.2 1 1
github.com/brown-csci1380-s20/raft-jsokol2-mlitt2/raft/raft_rpc.pb.go:761.81,763.2 1 1
github.com/brown-csci1380-s20/raft-jsokol2-mlitt2/raft/raft_rpc.pb.go:764.52,766.2 1 0
github.com/brown-csci1380-s20/raft-jsokol2-mlitt2/raft/raft_rpc.pb.go:767.38,769.2 1 1
github.com/brown-csci1380-s20/raft-jsokol2-mlitt2/raft/raft_rpc.pb.go:770.44,772.2 1 0
github.com/brown-csci1380-s20/raft-jsokol2-mlitt2/raft/raft_rpc.pb.go:776.48,777.14 1 0
github.com/brown-csci1380-s20/raft-jsokol2-mlitt2/raft/raft_rpc.pb.go:780.2,780.24 1 0
github.com/brown-csci1380-s20/raft-jsokol2-mlitt2/raft/raft_rpc.pb.go:777.14,779.3 1 0
github.com/brown-csci1380-s20/raft-jsokol2-mlitt2/raft/raft_rpc.pb.go:783.44,784.14 1 1
github.com/brown-csci1380-s20/raft-jsokol2-mlitt2/raft/raft_rpc.pb.go:787.2,787.12 1 0
github.com/brown-csci1380-s20/raft-jsokol2-mlitt2/raft/raft_rpc.pb.go:784.14,786.3 1 1
github.com/brown-csci1380-s20/raft-jsokol2-mlitt2/raft/raft_rpc.pb.go:790.51,791.14 1 0
github.com/brown-csci1380-s20/raft-jsokol2-mlitt2/raft/raft_rpc.pb.go:794.2,794.12 1 0
github.com/brown-csci1380-s20/raft-jsokol2-mlitt2/raft/raft_rpc.pb.go:791.14,793.3 1 0
github.com/brown-csci1380-s20/raft-jsokol2-mlitt2/raft/raft_rpc.pb.go:797.13,812.2 14 1
github.com/brown-csci1380-s20/raft-jsokol2-mlitt2/raft/raft_rpc.pb.go:814.13,814.86 1 1
github.com/brown-csci1380-s20/raft-jsokol2-mlitt2/raft/raft_rpc.pb.go:910.58,912.2 1 1
github.com/brown-csci1380-s20/raft-jsokol2-mlitt2/raft/raft_rpc.pb.go:914.111,917.16 3 1
github.com/brown-csci1380-s20/raft-jsokol2-mlitt2/raft/raft_rpc.pb.go:920.2,920.17 1 1
github.com/brown-csci1380-s20/raft-jsokol2-mlitt2/raft/raft_rpc.pb.go:917.16,919.3 1 0
github.com/brown-csci1380-s20/raft-jsokol2-mlitt2/raft/raft_rpc.pb.go:923.122,926.16 3 1
github.com/brown-csci1380-s20/raft-jsokol2-mlitt2/raft/raft_rpc.pb.go:929.2,929.17 1 1
github.com/brown-csci1380-s20/raft-jsokol2-mlitt2/raft/raft_rpc.pb.go:926.16,928.3 1 0
github.com/brown-csci1380-s20/raft-jsokol2-mlitt2/raft/raft_rpc.pb.go:932.146,935.16 3 1
github.com/brown-csci1380-s20/raft-jsokol2-mlitt2/raft/raft_rpc.pb.go:938.2,938.17 1 1
github.com/brown-csci1380-s20/raft-jsokol2-mlitt2/raft/raft_rpc.pb.go:935.16,937.3 1 1
github.com/brown-csci1380-s20/raft-jsokol2-mlitt2/raft/raft_rpc.pb.go:941.140,944.16 3 1
github.com/brown-csci1380-s20/raft-jsokol2-mlitt2/raft/raft_rpc.pb.go:947.2,947.17 1 1
github.com/brown-csci1380-s20/raft-jsokol2-mlitt2/raft/raft_rpc.pb.go:944.16,946.3 1 1
github.com/brown-csci1380-s20/raft-jsokol2-mlitt2/raft/raft_rpc.pb.go:950.149,953.16 3 1
github.com/brown-csci1380-s20/raft-jsokol2-mlitt2/raft/raft_rpc.pb.go:956.2,956.17 1 1
github.com/brown-csci1380-s20/raft-jsokol2-mlitt2/raft/raft_rpc.pb.go:953.16,955.3 1 0
github.com/brown-csci1380-s20/raft-jsokol2-mlitt2/raft/raft_rpc.pb.go:959.132,962.16 3 1
github.com/brown-csci1380-s20/raft-jsokol2-mlitt2/raft/raft_rpc.pb.go:965.2,965.17 1 1
github.com/brown-csci1380-s20/raft-jsokol2-mlitt2/raft/raft_rpc.pb.go:962.16,964.3 1 1
github.com/brown-csci1380-s20/raft-jsokol2-mlitt2/raft/raft_rpc.pb.go:993.98,995.2 1 0
github.com/brown-csci1380-s20/raft-jsokol2-mlitt2/raft/raft_rpc.pb.go:996.109,998.2 1 0
github.com/brown-csci1380-s20/raft-jsokol2-mlitt2/raft/raft_rpc.pb.go:999.133,1001.2 1 0
github.com/brown-csci1380-s20/raft-jsokol2-mlitt2/raft/raft_rpc.pb.go:1002.127,1004.2 1 0
github.com/brown-csci1380-s20/raft-jsokol2-mlitt2/raft/raft_rpc.pb.go:1005.136,1007.2 1 0
github.com/brown-csci1380-s20/raft-jsokol2-mlitt2/raft/raft_rpc.pb.go:1008.119,1010.2 1 0
github.com/brown-csci1380-s20/raft-jsokol2-mlitt2/raft/raft_rpc.pb.go:1012.63,1014.2 1 1
github.com/brown-csci1380-s20/raft-jsokol2-mlitt2/raft/raft_rpc.pb.go:1016.163,1018.32 2 1
github.com/brown-csci1380-s20/raft-jsokol2-mlitt2/raft/raft_rpc.pb.go:1021.2,1021.24 1 1
github.com/brown-csci1380-s20/raft-jsokol2-mlitt2/raft/raft_rpc.pb.go:1024.2,1028.77 2 0
github.com/brown-csci1380-s20/raft-jsokol2-mlitt2/raft/raft_rpc.pb.go:1031.2,1031.44 1 0
github.com/brown-csci1380-s20/raft-jsokol2-mlitt2/raft/raft_rpc.pb.go:1018.32,1020.3 1 0
github.com/brown-csci1380-s20/raft-jsokol2-mlitt2/raft/raft_rpc.pb.go:1021.24,1023.3 1 1
github.com/brown-csci1380-s20/raft-jsokol2-mlitt2/raft/raft_rpc.pb.go:1028.77,1030.3 1 0
github.com/brown-csci1380-s20/raft-jsokol2-mlitt2/raft/raft_rpc.pb.go:1034.168,1036.32 2 1
github.com/brown-csci1380-s20/raft-jsokol2-mlitt2/raft/raft_rpc.pb.go:1039.2,1039.24 1 1
github.com/brown-csci1380-s20/raft-jsokol2-mlitt2/raft/raft_rpc.pb.go:1042.2,1046.77 2 0
github.com/brown-csci1380-s20/raft-jsokol2-mlitt2/raft/raft_rpc.pb.go:1049.2,1049.44 1 0
github.com/brown-csci1380-s20/raft-jsokol2-mlitt2/raft/raft_rpc.pb.go:1036.32,1038.3 1 0
github.com/brown-csci1380-s20/raft-jsokol2-mlitt2/raft/raft_rpc.pb.go:1039.24,1041.3 1 1
github.com/brown-csci1380-s20/raft-jsokol2-mlitt2/raft/raft_rpc.pb.go:1046.77,1048.3 1 0
github.com/brown-csci1380-s20/raft-jsokol2-mlitt2/raft/raft_rpc.pb.go:1052.172,1054.32 2 1
github.com/brown-csci1380-s20/raft-jsokol2-mlitt2/raft/raft_rpc.pb.go:1057.2,1057.24 1 1
github.com/brown-csci1380-s20/raft-jsokol2-mlitt2/raft/raft_rpc.pb.go:1060.2,1064.77 2 0
github.com/brown-csci1380-s20/raft-jsokol2-mlitt2/raft/raft_rpc.pb.go:1067.2,1067.44 1 0
github.com/brown-csci1380-s20/raft-jsokol2-mlitt2/raft/raft_rpc.pb.go:1054.32,1056.3 1 0
github.com/brown-csci1380-s20/raft-jsokol2-mlitt2/raft/raft_rpc.pb.go:1057.24,1059.3 1 1
github.com/brown-csci1380-s20/raft-jsokol2-mlitt2/raft/raft_rpc.pb.go:1064.77,1066.3 1 0
github.com/brown-csci1380-s20/raft-jsokol2-mlitt2/raft/raft_rpc.pb.go:1070.170,1072.32 2 1
github.com/brown-csci1380-s20/raft-jsokol2-mlitt2/raft/raft_rpc.pb.go:1075.2,1075.24 1 1
github.com/brown-csci1380-s20/raft-jsokol2-mlitt2/raft/raft_rpc.pb.go:1078.2,1082.77 2 0
github.com/brown-csci1380-s20/raft-jsokol2-mlitt2/raft/raft_rpc.pb.go:1085.2,1085.44 1 0
github.com/brown-csci1380-s20/raft-jsokol2-mlitt2/raft/raft_rpc.pb.go:1072.32,1074.3 1 0
github.com/brown-csci1380-s20/raft-jsokol2-mlitt2/raft/raft_rpc.pb.go:1075.24,1077.3 1 1
github.com/brown-csci1380-s20/raft-jsokol2-mlitt2/raft/raft_rpc.pb.go:1082.77,1084.3 1 0
github.com/brown-csci1380-s20/raft-jsokol2-mlitt2/raft/raft_rpc.pb.go:1088.173,1090.32 2 1
github.com/brown-csci1380-s20/raft-jsokol2-mlitt2/raft/raft_rpc.pb.go:1093.2,1093.24 1 1
github.com/brown-csci1380-s20/raft-jsokol2-mlitt2/raft/raft_rpc.pb.go:1096.2,1100.77 2 0
github.com/brown-csci1380-s20/raft-jsokol2-mlitt2/raft/raft_rpc.pb.go:1103.2,1103.44 1 0
github.com/brown-csci1380-s20/raft-jsokol2-mlitt2/raft/raft_rpc.pb.go:1090.32,1092.3 1 0
github.com/brown-csci1380-s20/raft-jsokol2-mlitt2/raft/raft_rpc.pb.go:1093.24,1095.3 1 1
github.com/brown-csci1380-s20/raft-jsokol2-mlitt2/raft/raft_rpc.pb.go:1100.77,1102.3 1 0
github.com/brown-csci1380-s20/raft-jsokol2-mlitt2/raft/raft_rpc.pb.go:1106.172,1108.32 2 1
github.com/brown-csci1380-s20/raft-jsokol2-mlitt2/raft/raft_rpc.pb.go:1111.2,1111.24 1 1
github.com/brown-csci1380-s20/raft-jsokol2-mlitt2/raft/raft_rpc.pb.go:1114.2,1118.77 2 0
github.com/brown-csci1380-s20/raft-jsokol2-mlitt2/raft/raft_rpc.pb.go:1121.2,1121.44 1 0
github.com/brown-csci1380-s20/raft-jsokol2-mlitt2/raft/raft_rpc.pb.go:1108.32,1110.3 1 0
github.com/brown-csci1380-s20/raft-jsokol2-mlitt2/raft/raft_rpc.pb.go:1111.24,1113.3 1 1
github.com/brown-csci1380-s20/raft-jsokol2-mlitt2/raft/raft_rpc.pb.go:1118.77,1120.3 1 0
github.com/brown-csci1380-s20/raft-jsokol2-mlitt2/raft/raft_rpc_server.go:8.80,10.51 1 1
github.com/brown-csci1380-s20/raft-jsokol2-mlitt2/raft/raft_rpc_server.go:14.2,15.33 2 1
github.com/brown-csci1380-s20/raft-jsokol2-mlitt2/raft/raft_rpc_server.go:10.51,12.3 1 0
github.com/brown-csci1380-s20/raft-jsokol2-mlitt2/raft/raft_rpc_server.go:19.93,21.62 1 1
github.com/brown-csci1380-s20/raft-jsokol2-mlitt2/raft/raft_rpc_server.go:25.2,26.33 2 1
github.com/brown-csci1380-s20/raft-jsokol2-mlitt2/raft/raft_rpc_server.go:21.62,23.3 1 0
github.com/brown-csci1380-s20/raft-jsokol2-mlitt2/raft/raft_rpc_server.go:30.117,32.60 1 1
github.com/brown-csci1380-s20/raft-jsokol2-mlitt2/raft/raft_rpc_server.go:36.2,38.20 2 1
github.com/brown-csci1380-s20/raft-jsokol2-mlitt2/raft/raft_rpc_server.go:32.60,34.3 1 1
github.com/brown-csci1380-s20/raft-jsokol2-mlitt2/raft/raft_rpc_server.go:42.111,44.63 1 1
github.com/brown-csci1380-s20/raft-jsokol2-mlitt2/raft/raft_rpc_server.go:48.2,50.20 2 1
github.com/brown-csci1380-s20/raft-jsokol2-mlitt2/raft/raft_rpc_server.go:44.63,46.3 1 1
github.com/brown-csci1380-s20/raft-jsokol2-mlitt2/raft/raft_rpc_server.go:55.120,59.2 2 1
github.com/brown-csci1380-s20/raft-jsokol2-mlitt2/raft/raft_rpc_server.go:62.103,66.2 2 1
